<?xml version="1.0" encoding="UTF-8"?>
<!-- Generated by org.testng.reporters.JUnitXMLReporter -->
<testsuite ignored="0" hostname="DESKTOP-4S2TVQ5" failures="0" tests="3" name="Default test" time="7.408" errors="0" timestamp="2023-01-15T20:59:29 GMT+02:00">
  <testcase classname="manager.login" name="LoginAsManager" time="3.721"/>
  <testcase classname="manager.login" name="OpenAccount" time="1.592"/>
  <testcase classname="manager.login" name="FindCustomers" time="0.423"/>
</testsuite> <!-- Default test -->
