<?xml version="1.0" encoding="UTF-8"?>
<testng-results ignored="0" total="3" passed="3" failed="0" skipped="0">
  <reporter-output>
  </reporter-output>
  <suite started-at="2023-01-15T20:59:21 GMT+02:00" name="Default suite" finished-at="2023-01-15T20:59:29 GMT+02:00" duration-ms="7408">
    <groups>
    </groups>
    <test started-at="2023-01-15T20:59:21 GMT+02:00" name="Default test" finished-at="2023-01-15T20:59:29 GMT+02:00" duration-ms="7408">
      <class name="manager.login">
        <test-method is-config="true" signature="setup()[pri:0, instance:manager.login@39ab59f8]" started-at="2023-01-15T20:59:21 GMT+02:00" name="setup" finished-at="2023-01-15T20:59:23 GMT+02:00" duration-ms="1610" status="PASS">
          <reporter-output>
          </reporter-output>
        </test-method> <!-- setup -->
        <test-method signature="LoginAsManager()[pri:1, instance:manager.login@39ab59f8]" started-at="2023-01-15T20:59:23 GMT+02:00" name="LoginAsManager" finished-at="2023-01-15T20:59:27 GMT+02:00" duration-ms="3721" status="PASS">
          <reporter-output>
          </reporter-output>
        </test-method> <!-- LoginAsManager -->
        <test-method signature="OpenAccount()[pri:2, instance:manager.login@39ab59f8]" started-at="2023-01-15T20:59:27 GMT+02:00" name="OpenAccount" finished-at="2023-01-15T20:59:28 GMT+02:00" duration-ms="1592" status="PASS">
          <reporter-output>
          </reporter-output>
        </test-method> <!-- OpenAccount -->
        <test-method signature="FindCustomers()[pri:3, instance:manager.login@39ab59f8]" started-at="2023-01-15T20:59:28 GMT+02:00" name="FindCustomers" finished-at="2023-01-15T20:59:29 GMT+02:00" duration-ms="423" status="PASS">
          <reporter-output>
          </reporter-output>
        </test-method> <!-- FindCustomers -->
      </class> <!-- manager.login -->
    </test> <!-- Default test -->
  </suite> <!-- Default suite -->
</testng-results>
